# JRE version: OpenJDK Runtime Environment (11.0.10) (build 11.0.10+0-b96-7249189)
# Java VM: OpenJDK 64-Bit Server VM (11.0.10+0-b96-7249189, mixed mode, tiered, compressed oops, g1 gc, windows-amd64)
Heap:
 garbage-first heap   total 565248K, used 420738K [0x0000000080000000, 0x0000000100000000)
  region size 1024K, 295 young (302080K), 16 survivors (16384K)
 Metaspace       used 118500K, capacity 121751K, committed 121932K, reserved 1155072K
  class space    used 14742K, capacity 15934K, committed 16000K, reserved 1048576K
GC Heap History (20 events):
Event: 322.246 GC heap before
{Heap before GC invocations=57 (full 0):
 garbage-first heap   total 270336K, used 210146K [0x0000000080000000, 0x0000000100000000)
  region size 1024K, 91 young (93184K), 5 survivors (5120K)
 Metaspace       used 117367K, capacity 120525K, committed 120780K, reserved 1155072K
  class space    used 14707K, capacity 15870K, committed 15872K, reserved 1048576K
}
Event: 322.257 GC heap after
{Heap after GC invocations=58 (full 0):
 garbage-first heap   total 270336K, used 123551K [0x0000000080000000, 0x0000000100000000)
  region size 1024K, 6 young (6144K), 6 survivors (6144K)
 Metaspace       used 117367K, capacity 120525K, committed 120780K, reserved 1155072K
  class space    used 14707K, capacity 15870K, committed 15872K, reserved 1048576K
}
Event: 322.542 GC heap before
{Heap before GC invocations=58 (full 0):
 garbage-first heap   total 270336K, used 217759K [0x0000000080000000, 0x0000000100000000)
  region size 1024K, 98 young (100352K), 6 survivors (6144K)
 Metaspace       used 117556K, capacity 120673K, committed 120908K, reserved 1155072K
  class space    used 14709K, capacity 15873K, committed 16000K, reserved 1048576K
}
Event: 322.553 GC heap after
{Heap after GC invocations=59 (full 0):
 garbage-first heap   total 324608K, used 123987K [0x0000000080000000, 0x0000000100000000)
  region size 1024K, 6 young (6144K), 6 survivors (6144K)
 Metaspace       used 117556K, capacity 120673K, committed 120908K, reserved 1155072K
  class space    used 14709K, capacity 15873K, committed 16000K, reserved 1048576K
}
Event: 322.767 GC heap before
{Heap before GC invocations=59 (full 0):
 garbage-first heap   total 324608K, used 237651K [0x0000000080000000, 0x0000000100000000)
  region size 1024K, 117 young (119808K), 6 survivors (6144K)
 Metaspace       used 117654K, capacity 120765K, committed 120908K, reserved 1155072K
  class space    used 14713K, capacity 15879K, committed 16000K, reserved 1048576K
}
Event: 322.781 GC heap after
{Heap after GC invocations=60 (full 0):
 garbage-first heap   total 324608K, used 124737K [0x0000000080000000, 0x0000000100000000)
  region size 1024K, 7 young (7168K), 7 survivors (7168K)
 Metaspace       used 117654K, capacity 120765K, committed 120908K, reserved 1155072K
  class space    used 14713K, capacity 15879K, committed 16000K, reserved 1048576K
}
Event: 323.005 GC heap before
{Heap before GC invocations=60 (full 0):
 garbage-first heap   total 324608K, used 248641K [0x0000000080000000, 0x0000000100000000)
  region size 1024K, 128 young (131072K), 7 survivors (7168K)
 Metaspace       used 117817K, capacity 121002K, committed 121164K, reserved 1155072K
  class space    used 14717K, capacity 15887K, committed 16000K, reserved 1048576K
}
Event: 323.016 GC heap after
{Heap after GC invocations=61 (full 0):
 garbage-first heap   total 324608K, used 125008K [0x0000000080000000, 0x0000000100000000)
  region size 1024K, 7 young (7168K), 7 survivors (7168K)
 Metaspace       used 117817K, capacity 121002K, committed 121164K, reserved 1155072K
  class space    used 14717K, capacity 15887K, committed 16000K, reserved 1048576K
}
Event: 323.291 GC heap before
{Heap before GC invocations=61 (full 0):
 garbage-first heap   total 324608K, used 263248K [0x0000000080000000, 0x0000000100000000)
  region size 1024K, 143 young (146432K), 7 survivors (7168K)
 Metaspace       used 117898K, capacity 121079K, committed 121420K, reserved 1155072K
  class space    used 14721K, capacity 15889K, committed 16000K, reserved 1048576K
}
Event: 323.309 GC heap after
{Heap after GC invocations=62 (full 0):
 garbage-first heap   total 324608K, used 127276K [0x0000000080000000, 0x0000000100000000)
  region size 1024K, 10 young (10240K), 10 survivors (10240K)
 Metaspace       used 117898K, capacity 121079K, committed 121420K, reserved 1155072K
  class space    used 14721K, capacity 15889K, committed 16000K, reserved 1048576K
}
Event: 323.564 GC heap before
{Heap before GC invocations=62 (full 0):
 garbage-first heap   total 324608K, used 267564K [0x0000000080000000, 0x0000000100000000)
  region size 1024K, 147 young (150528K), 10 survivors (10240K)
 Metaspace       used 117990K, capacity 121158K, committed 121420K, reserved 1155072K
  class space    used 14727K, capacity 15890K, committed 16000K, reserved 1048576K
}
Event: 323.582 GC heap after
{Heap after GC invocations=63 (full 0):
 garbage-first heap   total 413696K, used 128083K [0x0000000080000000, 0x0000000100000000)
  region size 1024K, 10 young (10240K), 10 survivors (10240K)
 Metaspace       used 117990K, capacity 121158K, committed 121420K, reserved 1155072K
  class space    used 14727K, capacity 15890K, committed 16000K, reserved 1048576K
}
Event: 324.009 GC heap before
{Heap before GC invocations=63 (full 0):
 garbage-first heap   total 413696K, used 350291K [0x0000000080000000, 0x0000000100000000)
  region size 1024K, 227 young (232448K), 10 survivors (10240K)
 Metaspace       used 118132K, capacity 121305K, committed 121420K, reserved 1155072K
  class space    used 14729K, capacity 15893K, committed 16000K, reserved 1048576K
}
Event: 324.024 GC heap after
{Heap after GC invocations=64 (full 0):
 garbage-first heap   total 413696K, used 130734K [0x0000000080000000, 0x0000000100000000)
  region size 1024K, 13 young (13312K), 13 survivors (13312K)
 Metaspace       used 118132K, capacity 121305K, committed 121420K, reserved 1155072K
  class space    used 14729K, capacity 15893K, committed 16000K, reserved 1048576K
}
Event: 324.501 GC heap before
{Heap before GC invocations=64 (full 0):
 garbage-first heap   total 413696K, used 352942K [0x0000000080000000, 0x0000000100000000)
  region size 1024K, 229 young (234496K), 13 survivors (13312K)
 Metaspace       used 118328K, capacity 121579K, committed 121676K, reserved 1155072K
  class space    used 14731K, capacity 15927K, committed 16000K, reserved 1048576K
}
Event: 324.525 GC heap after
{Heap after GC invocations=65 (full 0):
 garbage-first heap   total 413696K, used 132546K [0x0000000080000000, 0x0000000100000000)
  region size 1024K, 15 young (15360K), 15 survivors (15360K)
 Metaspace       used 118328K, capacity 121579K, committed 121676K, reserved 1155072K
  class space    used 14731K, capacity 15927K, committed 16000K, reserved 1048576K
}
Event: 324.883 GC heap before
{Heap before GC invocations=65 (full 0):
 garbage-first heap   total 413696K, used 353730K [0x0000000080000000, 0x0000000100000000)
  region size 1024K, 231 young (236544K), 15 survivors (15360K)
 Metaspace       used 118378K, capacity 121652K, committed 121932K, reserved 1155072K
  class space    used 14735K, capacity 15928K, committed 16000K, reserved 1048576K
}
Event: 324.902 GC heap after
{Heap after GC invocations=66 (full 0):
 garbage-first heap   total 413696K, used 135114K [0x0000000080000000, 0x0000000100000000)
  region size 1024K, 17 young (17408K), 17 survivors (17408K)
 Metaspace       used 118378K, capacity 121652K, committed 121932K, reserved 1155072K
  class space    used 14735K, capacity 15928K, committed 16000K, reserved 1048576K
}
Event: 325.243 GC heap before
{Heap before GC invocations=66 (full 0):
 garbage-first heap   total 413696K, used 352202K [0x0000000080000000, 0x0000000100000000)
  region size 1024K, 230 young (235520K), 17 survivors (17408K)
 Metaspace       used 118410K, capacity 121667K, committed 121932K, reserved 1155072K
  class space    used 14736K, capacity 15930K, committed 16000K, reserved 1048576K
}
Event: 325.279 GC heap after
{Heap after GC invocations=67 (full 0):
 garbage-first heap   total 565248K, used 136066K [0x0000000080000000, 0x0000000100000000)
  region size 1024K, 16 young (16384K), 16 survivors (16384K)
 Metaspace       used 118410K, capacity 121667K, committed 121932K, reserved 1155072K
  class space    used 14736K, capacity 15930K, committed 16000K, reserved 1048576K
}

